<?xml version="1.0" encoding="UTF-8"?>
<coverage generated="1748842115607" clover="3.2.0">
  <project timestamp="1748842115607" name="All files">
    <metrics statements="181" coveredstatements="152" conditionals="102" coveredconditionals="68" methods="39" coveredmethods="31" elements="322" coveredelements="251" complexity="0" loc="181" ncloc="181" packages="5" files="6" classes="6"/>
    <package name="core.diff">
      <metrics statements="28" coveredstatements="27" conditionals="16" coveredconditionals="11" methods="6" coveredmethods="6"/>
      <file name="CoverageDiffCalculator.ts" path="/Users/ashankar/tubi/jest-cov-reporter/src/core/diff/CoverageDiffCalculator.ts">
        <metrics statements="28" coveredstatements="27" conditionals="16" coveredconditionals="11" methods="6" coveredmethods="6"/>
        <line num="14" count="9" type="stmt"/>
        <line num="15" count="9" type="stmt"/>
        <line num="40" count="9" type="stmt"/>
        <line num="41" count="9" type="stmt"/>
        <line num="42" count="9" type="stmt"/>
        <line num="43" count="9" type="stmt"/>
        <line num="44" count="9" type="stmt"/>
        <line num="46" count="9" type="stmt"/>
        <line num="53" count="9" type="stmt"/>
        <line num="54" count="9" type="stmt"/>
        <line num="55" count="9" type="stmt"/>
        <line num="61" count="9" type="stmt"/>
        <line num="62" count="34" type="cond" truecount="1" falsecount="1"/>
        <line num="63" count="34" type="cond" truecount="2" falsecount="0"/>
        <line num="64" count="34" type="stmt"/>
        <line num="65" count="34" type="stmt"/>
        <line num="66" count="34" type="stmt"/>
        <line num="67" count="136" type="stmt"/>
        <line num="74" count="34" type="cond" truecount="1" falsecount="1"/>
        <line num="75" count="0" type="cond" truecount="0" falsecount="2"/>
        <line num="86" count="272" type="cond" truecount="2" falsecount="0"/>
        <line num="95" count="65" type="stmt"/>
        <line num="97" count="65" type="stmt"/>
        <line num="106" count="18" type="stmt"/>
        <line num="107" count="18" type="stmt"/>
        <line num="108" count="18" type="cond" truecount="4" falsecount="0"/>
        <line num="110" count="10" type="cond" truecount="1" falsecount="1"/>
        <line num="119" count="9" type="stmt"/>
      </file>
    </package>
    <package name="core.format">
      <metrics statements="88" coveredstatements="79" conditionals="53" coveredconditionals="35" methods="18" coveredmethods="16"/>
      <file name="ReportFormatter.ts" path="/Users/ashankar/tubi/jest-cov-reporter/src/core/format/ReportFormatter.ts">
        <metrics statements="88" coveredstatements="79" conditionals="53" coveredconditionals="35" methods="18" coveredmethods="16"/>
        <line num="21" count="3" type="stmt"/>
        <line num="50" count="3" type="stmt"/>
        <line num="51" count="3" type="stmt"/>
        <line num="52" count="3" type="stmt"/>
        <line num="53" count="3" type="stmt"/>
        <line num="54" count="3" type="stmt"/>
        <line num="55" count="3" type="stmt"/>
        <line num="56" count="3" type="stmt"/>
        <line num="57" count="3" type="stmt"/>
        <line num="58" count="3" type="stmt"/>
        <line num="59" count="3" type="stmt"/>
        <line num="60" count="3" type="stmt"/>
        <line num="61" count="3" type="stmt"/>
        <line num="70" count="16" type="cond" truecount="1" falsecount="1"/>
        <line num="72" count="16" type="cond" truecount="1" falsecount="1"/>
        <line num="73" count="0" type="cond" truecount="0" falsecount="2"/>
        <line num="75" count="16" type="cond" truecount="2" falsecount="0"/>
        <line num="85" count="16" type="stmt"/>
        <line num="86" count="16" type="stmt"/>
        <line num="87" count="16" type="stmt"/>
        <line num="88" count="64" type="stmt"/>
        <line num="90" count="16" type="stmt"/>
        <line num="98" count="4" type="stmt"/>
        <line num="99" count="4" type="stmt"/>
        <line num="100" count="4" type="stmt"/>
        <line num="101" count="4" type="stmt"/>
        <line num="102" count="16" type="stmt"/>
        <line num="103" count="16" type="stmt"/>
        <line num="105" count="4" type="stmt"/>
        <line num="114" count="8" type="stmt"/>
        <line num="115" count="8" type="stmt"/>
        <line num="116" count="8" type="stmt"/>
        <line num="117" count="16" type="stmt"/>
        <line num="118" count="16" type="stmt"/>
        <line num="119" count="16" type="cond" truecount="4" falsecount="0"/>
        <line num="120" count="8" type="stmt"/>
        <line num="121" count="8" type="stmt"/>
        <line num="124" count="8" type="stmt"/>
        <line num="138" count="16" type="stmt"/>
        <line num="139" count="40" type="stmt"/>
        <line num="142" count="16" type="stmt"/>
        <line num="143" count="16" type="stmt"/>
        <line num="146" count="16" type="stmt"/>
        <line num="147" count="16" type="cond" truecount="2" falsecount="0"/>
        <line num="148" count="8" type="stmt"/>
        <line num="149" count="8" type="cond" truecount="1" falsecount="1"/>
        <line num="150" count="8" type="cond" truecount="2" falsecount="0"/>
        <line num="154" count="4" type="stmt"/>
        <line num="156" count="4" type="stmt"/>
        <line num="159" count="32" type="cond" truecount="1" falsecount="1"/>
        <line num="161" count="8" type="stmt"/>
        <line num="165" count="8" type="cond" truecount="1" falsecount="1"/>
        <line num="166" count="0" type="cond" truecount="0" falsecount="2"/>
        <line num="167" count="0" type="stmt"/>
        <line num="173" count="8" type="stmt"/>
        <line num="174" count="8" type="stmt"/>
        <line num="175" count="32" type="stmt"/>
        <line num="176" count="32" type="cond" truecount="1" falsecount="1"/>
        <line num="177" count="32" type="stmt"/>
        <line num="180" count="8" type="stmt"/>
        <line num="192" count="16" type="stmt"/>
        <line num="193" count="40" type="stmt"/>
        <line num="194" count="16" type="stmt"/>
        <line num="195" count="16" type="cond" truecount="2" falsecount="1"/>
        <line num="196" count="20" type="cond" truecount="2" falsecount="0"/>
        <line num="198" count="16" type="cond" truecount="3" falsecount="1"/>
        <line num="199" count="16" type="stmt"/>
        <line num="202" count="0" type="stmt"/>
        <line num="211" count="4" type="stmt"/>
        <line num="212" count="4" type="stmt"/>
        <line num="213" count="4" type="stmt"/>
        <line num="214" count="4" type="stmt"/>
        <line num="215" count="4" type="stmt"/>
        <line num="230" count="4" type="stmt"/>
        <line num="231" count="4" type="stmt"/>
        <line num="232" count="4" type="stmt"/>
        <line num="233" count="4" type="stmt"/>
        <line num="234" count="16" type="cond" truecount="1" falsecount="1"/>
        <line num="235" count="16" type="stmt"/>
        <line num="239" count="16" type="cond" truecount="2" falsecount="0"/>
        <line num="245" count="12" type="stmt"/>
        <line num="247" count="4" type="stmt"/>
        <line num="250" count="0" type="cond" truecount="0" falsecount="2"/>
        <line num="251" count="0" type="stmt"/>
        <line num="252" count="0" type="stmt"/>
        <line num="253" count="0" type="cond" truecount="0" falsecount="2"/>
        <line num="255" count="0" type="stmt"/>
        <line num="259" count="4" type="stmt"/>
      </file>
    </package>
    <package name="core.threshold">
      <metrics statements="39" coveredstatements="28" conditionals="22" coveredconditionals="14" methods="10" coveredmethods="6"/>
      <file name="ThresholdValidator.ts" path="/Users/ashankar/tubi/jest-cov-reporter/src/core/threshold/ThresholdValidator.ts">
        <metrics statements="39" coveredstatements="28" conditionals="22" coveredconditionals="14" methods="10" coveredmethods="6"/>
        <line num="37" count="4" type="stmt"/>
        <line num="38" count="4" type="stmt"/>
        <line num="39" count="4" type="stmt"/>
        <line num="40" count="4" type="stmt"/>
        <line num="41" count="4" type="stmt"/>
        <line num="42" count="4" type="stmt"/>
        <line num="43" count="4" type="stmt"/>
        <line num="44" count="4" type="stmt"/>
        <line num="53" count="4" type="stmt"/>
        <line num="54" count="4" type="cond" truecount="1" falsecount="1"/>
        <line num="55" count="4" type="stmt"/>
        <line num="57" count="0" type="stmt"/>
        <line num="66" count="2" type="stmt"/>
        <line num="67" count="2" type="cond" truecount="1" falsecount="1"/>
        <line num="68" count="2" type="stmt"/>
        <line num="70" count="0" type="stmt"/>
        <line num="78" count="1" type="stmt"/>
        <line num="79" count="1" type="stmt"/>
        <line num="80" count="4" type="stmt"/>
        <line num="81" count="4" type="stmt"/>
        <line num="83" count="4" type="stmt"/>
        <line num="84" count="4" type="stmt"/>
        <line num="86" count="4" type="cond" truecount="1" falsecount="1"/>
        <line num="88" count="0" type="stmt"/>
        <line num="90" count="4" type="stmt"/>
        <line num="91" count="16" type="stmt"/>
        <line num="92" count="16" type="cond" truecount="4" falsecount="0"/>
        <line num="93" count="14" type="cond" truecount="4" falsecount="0"/>
        <line num="96" count="2" type="cond" truecount="1" falsecount="1"/>
        <line num="97" count="0" type="stmt"/>
        <line num="104" count="1" type="stmt"/>
        <line num="113" count="0" type="stmt"/>
        <line num="121" count="1" type="cond" truecount="1" falsecount="1"/>
        <line num="122" count="0" type="stmt"/>
        <line num="123" count="0" type="stmt"/>
        <line num="124" count="0" type="stmt"/>
        <line num="125" count="0" type="stmt"/>
        <line num="127" count="0" type="stmt"/>
        <line num="128" count="0" type="cond" truecount="0" falsecount="3"/>
      </file>
    </package>
    <package name="parsers">
      <metrics statements="8" coveredstatements="0" conditionals="3" coveredconditionals="0" methods="2" coveredmethods="0"/>
      <file name="index.ts" path="/Users/ashankar/tubi/jest-cov-reporter/src/parsers/index.ts">
        <metrics statements="8" coveredstatements="0" conditionals="3" coveredconditionals="0" methods="2" coveredmethods="0"/>
        <line num="17" count="0" type="cond" truecount="0" falsecount="3"/>
        <line num="19" count="0" type="stmt"/>
        <line num="21" count="0" type="stmt"/>
        <line num="23" count="0" type="stmt"/>
        <line num="35" count="0" type="stmt"/>
        <line num="36" count="0" type="stmt"/>
        <line num="37" count="0" type="stmt"/>
        <line num="39" count="0" type="stmt"/>
      </file>
    </package>
    <package name="utils">
      <metrics statements="18" coveredstatements="18" conditionals="8" coveredconditionals="8" methods="3" coveredmethods="3"/>
      <file name="constants.ts" path="/Users/ashankar/tubi/jest-cov-reporter/src/utils/constants.ts">
        <metrics statements="4" coveredstatements="4" conditionals="0" coveredconditionals="0" methods="0" coveredmethods="0"/>
        <line num="3" count="4" type="stmt"/>
        <line num="11" count="4" type="stmt"/>
        <line num="26" count="4" type="stmt"/>
        <line num="27" count="4" type="stmt"/>
      </file>
      <file name="github.ts" path="/Users/ashankar/tubi/jest-cov-reporter/src/utils/github.ts">
        <metrics statements="14" coveredstatements="14" conditionals="8" coveredconditionals="8" methods="3" coveredmethods="3"/>
        <line num="23" count="2" type="cond" truecount="2" falsecount="0"/>
        <line num="24" count="1" type="stmt"/>
        <line num="31" count="1" type="stmt"/>
        <line num="56" count="3" type="stmt"/>
        <line num="62" count="3" type="stmt"/>
        <line num="63" count="6" type="cond" truecount="4" falsecount="0"/>
        <line num="64" count="2" type="stmt"/>
        <line num="67" count="1" type="stmt"/>
        <line num="75" count="2" type="stmt"/>
        <line num="76" count="11" type="cond" truecount="2" falsecount="0"/>
        <line num="77" count="2" type="stmt"/>
        <line num="78" count="2" type="stmt"/>
        <line num="79" count="2" type="stmt"/>
        <line num="81" count="9" type="stmt"/>
      </file>
    </package>
  </project>
</coverage>
