{"/Users/ashankar/tubi/jest-cov-reporter/src/core/diff/CoverageDiffCalculator.ts": {"path":"/Users/ashankar/tubi/jest-cov-reporter/src/core/diff/CoverageDiffCalculator.ts","statementMap":{"0":{"start":{"line":14,"column":53},"end":{"line":14,"column":55}},"1":{"start":{"line":15,"column":50},"end":{"line":15,"column":52}},"2":{"start":{"line":40,"column":4},"end":{"line":40,"column":47}},"3":{"start":{"line":41,"column":4},"end":{"line":41,"column":47}},"4":{"start":{"line":42,"column":4},"end":{"line":42,"column":37}},"5":{"start":{"line":43,"column":4},"end":{"line":43,"column":52}},"6":{"start":{"line":44,"column":4},"end":{"line":44,"column":45}},"7":{"start":{"line":46,"column":4},"end":{"line":46,"column":25}},"8":{"start":{"line":53,"column":26},"end":{"line":53,"column":61}},"9":{"start":{"line":54,"column":26},"end":{"line":54,"column":61}},"10":{"start":{"line":55,"column":23},"end":{"line":55,"column":68}},"11":{"start":{"line":61,"column":4},"end":{"line":77,"column":5}},"12":{"start":{"line":62,"column":26},"end":{"line":62,"column":64}},"13":{"start":{"line":63,"column":26},"end":{"line":63,"column":64}},"14":{"start":{"line":64,"column":6},"end":{"line":64,"column":45}},"15":{"start":{"line":65,"column":32},"end":{"line":65,"column":74}},"16":{"start":{"line":66,"column":6},"end":{"line":73,"column":7}},"17":{"start":{"line":67,"column":8},"end":{"line":72,"column":10}},"18":{"start":{"line":74,"column":6},"end":{"line":76,"column":7}},"19":{"start":{"line":75,"column":8},"end":{"line":75,"column":70}},"20":{"start":{"line":86,"column":4},"end":{"line":86,"column":47}},"21":{"start":{"line":95,"column":17},"end":{"line":95,"column":66}},"22":{"start":{"line":97,"column":4},"end":{"line":97,"column":59}},"23":{"start":{"line":106,"column":24},"end":{"line":106,"column":44}},"24":{"start":{"line":107,"column":24},"end":{"line":107,"column":44}},"25":{"start":{"line":108,"column":4},"end":{"line":108,"column":51}},"26":{"start":{"line":108,"column":38},"end":{"line":108,"column":51}},"27":{"start":{"line":110,"column":4},"end":{"line":111,"column":91}},"28":{"start":{"line":119,"column":4},"end":{"line":119,"column":35}}},"fnMap":{"0":{"name":"(anonymous_0)","decl":{"start":{"line":29,"column":2},"end":{"line":29,"column":3}},"loc":{"start":{"line":39,"column":5},"end":{"line":47,"column":3}},"line":39},"1":{"name":"(anonymous_1)","decl":{"start":{"line":52,"column":2},"end":{"line":52,"column":3}},"loc":{"start":{"line":52,"column":34},"end":{"line":78,"column":3}},"line":52},"2":{"name":"(anonymous_2)","decl":{"start":{"line":85,"column":2},"end":{"line":85,"column":3}},"loc":{"start":{"line":85,"column":63},"end":{"line":87,"column":3}},"line":85},"3":{"name":"(anonymous_3)","decl":{"start":{"line":94,"column":2},"end":{"line":94,"column":3}},"loc":{"start":{"line":94,"column":63},"end":{"line":98,"column":3}},"line":94},"4":{"name":"(anonymous_4)","decl":{"start":{"line":105,"column":2},"end":{"line":105,"column":3}},"loc":{"start":{"line":105,"column":74},"end":{"line":112,"column":3}},"line":105},"5":{"name":"(anonymous_5)","decl":{"start":{"line":118,"column":2},"end":{"line":118,"column":3}},"loc":{"start":{"line":118,"column":53},"end":{"line":120,"column":3}},"line":118}},"branchMap":{"0":{"loc":{"start":{"line":62,"column":26},"end":{"line":62,"column":64}},"type":"binary-expr","locations":[{"start":{"line":62,"column":26},"end":{"line":62,"column":58}},{"start":{"line":62,"column":62},"end":{"line":62,"column":64}}],"line":62},"1":{"loc":{"start":{"line":63,"column":26},"end":{"line":63,"column":64}},"type":"binary-expr","locations":[{"start":{"line":63,"column":26},"end":{"line":63,"column":58}},{"start":{"line":63,"column":62},"end":{"line":63,"column":64}}],"line":63},"2":{"loc":{"start":{"line":74,"column":6},"end":{"line":76,"column":7}},"type":"if","locations":[{"start":{"line":74,"column":6},"end":{"line":76,"column":7}},{"start":{},"end":{}}],"line":74},"3":{"loc":{"start":{"line":75,"column":37},"end":{"line":75,"column":69}},"type":"binary-expr","locations":[{"start":{"line":75,"column":37},"end":{"line":75,"column":57}},{"start":{"line":75,"column":61},"end":{"line":75,"column":69}}],"line":75},"4":{"loc":{"start":{"line":86,"column":11},"end":{"line":86,"column":46}},"type":"cond-expr","locations":[{"start":{"line":86,"column":26},"end":{"line":86,"column":42}},{"start":{"line":86,"column":45},"end":{"line":86,"column":46}}],"line":86},"5":{"loc":{"start":{"line":108,"column":4},"end":{"line":108,"column":51}},"type":"if","locations":[{"start":{"line":108,"column":4},"end":{"line":108,"column":51}},{"start":{},"end":{}}],"line":108},"6":{"loc":{"start":{"line":108,"column":8},"end":{"line":108,"column":36}},"type":"binary-expr","locations":[{"start":{"line":108,"column":8},"end":{"line":108,"column":20}},{"start":{"line":108,"column":24},"end":{"line":108,"column":36}}],"line":108},"7":{"loc":{"start":{"line":110,"column":11},"end":{"line":111,"column":90}},"type":"binary-expr","locations":[{"start":{"line":110,"column":11},"end":{"line":110,"column":52}},{"start":{"line":111,"column":7},"end":{"line":111,"column":89}}],"line":110}},"s":{"0":9,"1":9,"2":9,"3":9,"4":9,"5":9,"6":9,"7":9,"8":9,"9":9,"10":9,"11":9,"12":34,"13":34,"14":34,"15":34,"16":34,"17":136,"18":34,"19":0,"20":272,"21":65,"22":65,"23":18,"24":18,"25":18,"26":8,"27":10,"28":9},"f":{"0":9,"1":9,"2":272,"3":65,"4":18,"5":9},"b":{"0":[34,0],"1":[34,16],"2":[0,34],"3":[0,0],"4":[208,64],"5":[8,10],"6":[18,10],"7":[10,0]},"_coverageSchema":"1a1c01bbd47fc00a2c39e90264f33305004495a9","hash":"329c9324b65de925236acdeb5d6fac932476e9ec"}
,"/Users/ashankar/tubi/jest-cov-reporter/src/core/format/ReportFormatter.ts": {"path":"/Users/ashankar/tubi/jest-cov-reporter/src/core/format/ReportFormatter.ts","statementMap":{"0":{"start":{"line":21,"column":48},"end":{"line":21,"column":50}},"1":{"start":{"line":50,"column":4},"end":{"line":50,"column":41}},"2":{"start":{"line":51,"column":4},"end":{"line":51,"column":49}},"3":{"start":{"line":52,"column":4},"end":{"line":52,"column":69}},"4":{"start":{"line":53,"column":4},"end":{"line":53,"column":47}},"5":{"start":{"line":54,"column":4},"end":{"line":54,"column":37}},"6":{"start":{"line":55,"column":4},"end":{"line":55,"column":23}},"7":{"start":{"line":56,"column":4},"end":{"line":56,"column":45}},"8":{"start":{"line":57,"column":4},"end":{"line":57,"column":47}},"9":{"start":{"line":58,"column":4},"end":{"line":58,"column":29}},"10":{"start":{"line":59,"column":4},"end":{"line":59,"column":52}},"11":{"start":{"line":60,"column":4},"end":{"line":60,"column":35}},"12":{"start":{"line":61,"column":4},"end":{"line":61,"column":61}},"13":{"start":{"line":70,"column":4},"end":{"line":70,"column":51}},"14":{"start":{"line":70,"column":39},"end":{"line":70,"column":51}},"15":{"start":{"line":72,"column":4},"end":{"line":74,"column":5}},"16":{"start":{"line":73,"column":6},"end":{"line":73,"column":150}},"17":{"start":{"line":75,"column":4},"end":{"line":75,"column":134}},"18":{"start":{"line":85,"column":24},"end":{"line":85,"column":30}},"19":{"start":{"line":86,"column":30},"end":{"line":86,"column":72}},"20":{"start":{"line":87,"column":4},"end":{"line":89,"column":5}},"21":{"start":{"line":88,"column":6},"end":{"line":88,"column":40}},"22":{"start":{"line":90,"column":4},"end":{"line":90,"column":25}},"23":{"start":{"line":98,"column":24},"end":{"line":98,"column":26}},"24":{"start":{"line":99,"column":20},"end":{"line":99,"column":22}},"25":{"start":{"line":100,"column":30},"end":{"line":100,"column":72}},"26":{"start":{"line":101,"column":4},"end":{"line":104,"column":5}},"27":{"start":{"line":102,"column":6},"end":{"line":102,"column":38}},"28":{"start":{"line":103,"column":6},"end":{"line":103,"column":30}},"29":{"start":{"line":105,"column":4},"end":{"line":105,"column":46}},"30":{"start":{"line":114,"column":23},"end":{"line":114,"column":47}},"31":{"start":{"line":115,"column":18},"end":{"line":115,"column":53}},"32":{"start":{"line":116,"column":4},"end":{"line":123,"column":5}},"33":{"start":{"line":116,"column":17},"end":{"line":116,"column":18}},"34":{"start":{"line":117,"column":27},"end":{"line":117,"column":35}},"35":{"start":{"line":118,"column":23},"end":{"line":118,"column":74}},"36":{"start":{"line":119,"column":6},"end":{"line":122,"column":7}},"37":{"start":{"line":120,"column":8},"end":{"line":120,"column":48}},"38":{"start":{"line":121,"column":8},"end":{"line":121,"column":14}},"39":{"start":{"line":124,"column":4},"end":{"line":124,"column":24}},"40":{"start":{"line":138,"column":28},"end":{"line":140,"column":5}},"41":{"start":{"line":139,"column":22},"end":{"line":139,"column":47}},"42":{"start":{"line":142,"column":32},"end":{"line":144,"column":5}},"43":{"start":{"line":143,"column":22},"end":{"line":143,"column":47}},"44":{"start":{"line":146,"column":24},"end":{"line":146,"column":49}},"45":{"start":{"line":147,"column":4},"end":{"line":171,"column":5}},"46":{"start":{"line":148,"column":34},"end":{"line":148,"column":74}},"47":{"start":{"line":149,"column":6},"end":{"line":158,"column":7}},"48":{"start":{"line":150,"column":8},"end":{"line":157,"column":9}},"49":{"start":{"line":154,"column":10},"end":{"line":154,"column":86}},"50":{"start":{"line":156,"column":10},"end":{"line":156,"column":86}},"51":{"start":{"line":159,"column":28},"end":{"line":159,"column":167}},"52":{"start":{"line":159,"column":113},"end":{"line":159,"column":166}},"53":{"start":{"line":161,"column":6},"end":{"line":164,"column":8}},"54":{"start":{"line":165,"column":11},"end":{"line":171,"column":5}},"55":{"start":{"line":166,"column":28},"end":{"line":166,"column":168}},"56":{"start":{"line":166,"column":114},"end":{"line":166,"column":167}},"57":{"start":{"line":167,"column":6},"end":{"line":170,"column":8}},"58":{"start":{"line":173,"column":23},"end":{"line":173,"column":63}},"59":{"start":{"line":174,"column":26},"end":{"line":178,"column":6}},"60":{"start":{"line":175,"column":23},"end":{"line":175,"column":51}},"61":{"start":{"line":176,"column":6},"end":{"line":176,"column":37}},"62":{"start":{"line":176,"column":21},"end":{"line":176,"column":37}},"63":{"start":{"line":177,"column":6},"end":{"line":177,"column":94}},"64":{"start":{"line":180,"column":4},"end":{"line":183,"column":6}},"65":{"start":{"line":192,"column":19},"end":{"line":192,"column":63}},"66":{"start":{"line":193,"column":26},"end":{"line":193,"column":67}},"67":{"start":{"line":193,"column":49},"end":{"line":193,"column":66}},"68":{"start":{"line":194,"column":26},"end":{"line":194,"column":67}},"69":{"start":{"line":194,"column":49},"end":{"line":194,"column":66}},"70":{"start":{"line":195,"column":35},"end":{"line":195,"column":118}},"71":{"start":{"line":196,"column":32},"end":{"line":196,"column":132}},"72":{"start":{"line":196,"column":54},"end":{"line":196,"column":131}},"73":{"start":{"line":198,"column":4},"end":{"line":200,"column":5}},"74":{"start":{"line":199,"column":6},"end":{"line":199,"column":15}},"75":{"start":{"line":202,"column":4},"end":{"line":202,"column":13}},"76":{"start":{"line":211,"column":30},"end":{"line":211,"column":72}},"77":{"start":{"line":212,"column":29},"end":{"line":212,"column":60}},"78":{"start":{"line":213,"column":21},"end":{"line":213,"column":110}},"79":{"start":{"line":214,"column":4},"end":{"line":214,"column":71}},"80":{"start":{"line":215,"column":4},"end":{"line":221,"column":6}},"81":{"start":{"line":230,"column":17},"end":{"line":230,"column":53}},"82":{"start":{"line":231,"column":42},"end":{"line":231,"column":44}},"83":{"start":{"line":232,"column":43},"end":{"line":232,"column":45}},"84":{"start":{"line":233,"column":4},"end":{"line":258,"column":5}},"85":{"start":{"line":234,"column":6},"end":{"line":257,"column":7}},"86":{"start":{"line":235,"column":27},"end":{"line":238,"column":9}},"87":{"start":{"line":239,"column":8},"end":{"line":248,"column":9}},"88":{"start":{"line":245,"column":10},"end":{"line":245,"column":61}},"89":{"start":{"line":247,"column":10},"end":{"line":247,"column":62}},"90":{"start":{"line":250,"column":8},"end":{"line":256,"column":9}},"91":{"start":{"line":251,"column":32},"end":{"line":254,"column":12}},"92":{"start":{"line":252,"column":25},"end":{"line":252,"column":79}},"93":{"start":{"line":253,"column":12},"end":{"line":253,"column":45}},"94":{"start":{"line":255,"column":10},"end":{"line":255,"column":51}},"95":{"start":{"line":259,"column":4},"end":{"line":264,"column":6}}},"fnMap":{"0":{"name":"(anonymous_0)","decl":{"start":{"line":27,"column":2},"end":{"line":27,"column":3}},"loc":{"start":{"line":49,"column":5},"end":{"line":62,"column":3}},"line":49},"1":{"name":"(anonymous_1)","decl":{"start":{"line":69,"column":2},"end":{"line":69,"column":3}},"loc":{"start":{"line":69,"column":47},"end":{"line":76,"column":3}},"line":69},"2":{"name":"(anonymous_2)","decl":{"start":{"line":84,"column":2},"end":{"line":84,"column":3}},"loc":{"start":{"line":84,"column":89},"end":{"line":91,"column":3}},"line":84},"3":{"name":"(anonymous_3)","decl":{"start":{"line":97,"column":2},"end":{"line":97,"column":3}},"loc":{"start":{"line":97,"column":36},"end":{"line":106,"column":3}},"line":97},"4":{"name":"(anonymous_4)","decl":{"start":{"line":113,"column":2},"end":{"line":113,"column":3}},"loc":{"start":{"line":113,"column":88},"end":{"line":125,"column":3}},"line":113},"5":{"name":"(anonymous_5)","decl":{"start":{"line":133,"column":2},"end":{"line":133,"column":3}},"loc":{"start":{"line":136,"column":16},"end":{"line":184,"column":3}},"line":136},"6":{"name":"(anonymous_6)","decl":{"start":{"line":139,"column":6},"end":{"line":139,"column":7}},"loc":{"start":{"line":139,"column":22},"end":{"line":139,"column":47}},"line":139},"7":{"name":"(anonymous_7)","decl":{"start":{"line":143,"column":6},"end":{"line":143,"column":7}},"loc":{"start":{"line":143,"column":22},"end":{"line":143,"column":47}},"line":143},"8":{"name":"(anonymous_8)","decl":{"start":{"line":159,"column":101},"end":{"line":159,"column":102}},"loc":{"start":{"line":159,"column":113},"end":{"line":159,"column":166}},"line":159},"9":{"name":"(anonymous_9)","decl":{"start":{"line":166,"column":102},"end":{"line":166,"column":103}},"loc":{"start":{"line":166,"column":114},"end":{"line":166,"column":167}},"line":166},"10":{"name":"(anonymous_10)","decl":{"start":{"line":174,"column":84},"end":{"line":174,"column":85}},"loc":{"start":{"line":174,"column":96},"end":{"line":178,"column":5}},"line":174},"11":{"name":"(anonymous_11)","decl":{"start":{"line":191,"column":2},"end":{"line":191,"column":3}},"loc":{"start":{"line":191,"column":54},"end":{"line":203,"column":3}},"line":191},"12":{"name":"(anonymous_12)","decl":{"start":{"line":193,"column":39},"end":{"line":193,"column":40}},"loc":{"start":{"line":193,"column":49},"end":{"line":193,"column":66}},"line":193},"13":{"name":"(anonymous_13)","decl":{"start":{"line":194,"column":39},"end":{"line":194,"column":40}},"loc":{"start":{"line":194,"column":49},"end":{"line":194,"column":66}},"line":194},"14":{"name":"(anonymous_14)","decl":{"start":{"line":196,"column":44},"end":{"line":196,"column":45}},"loc":{"start":{"line":196,"column":54},"end":{"line":196,"column":131}},"line":196},"15":{"name":"(anonymous_15)","decl":{"start":{"line":210,"column":2},"end":{"line":210,"column":3}},"loc":{"start":{"line":210,"column":108},"end":{"line":222,"column":3}},"line":210},"16":{"name":"(anonymous_16)","decl":{"start":{"line":229,"column":2},"end":{"line":229,"column":3}},"loc":{"start":{"line":229,"column":64},"end":{"line":265,"column":3}},"line":229},"17":{"name":"(anonymous_17)","decl":{"start":{"line":251,"column":101},"end":{"line":251,"column":102}},"loc":{"start":{"line":251,"column":113},"end":{"line":254,"column":11}},"line":251}},"branchMap":{"0":{"loc":{"start":{"line":37,"column":4},"end":{"line":37,"column":20}},"type":"default-arg","locations":[{"start":{"line":37,"column":18},"end":{"line":37,"column":20}}],"line":37},"1":{"loc":{"start":{"line":70,"column":4},"end":{"line":70,"column":51}},"type":"if","locations":[{"start":{"line":70,"column":4},"end":{"line":70,"column":51}},{"start":{},"end":{}}],"line":70},"2":{"loc":{"start":{"line":72,"column":4},"end":{"line":74,"column":5}},"type":"if","locations":[{"start":{"line":72,"column":4},"end":{"line":74,"column":5}},{"start":{},"end":{}}],"line":72},"3":{"loc":{"start":{"line":73,"column":77},"end":{"line":73,"column":141}},"type":"cond-expr","locations":[{"start":{"line":73,"column":96},"end":{"line":73,"column":103}},{"start":{"line":73,"column":106},"end":{"line":73,"column":141}}],"line":73},"4":{"loc":{"start":{"line":75,"column":79},"end":{"line":75,"column":125}},"type":"cond-expr","locations":[{"start":{"line":75,"column":98},"end":{"line":75,"column":105}},{"start":{"line":75,"column":108},"end":{"line":75,"column":125}}],"line":75},"5":{"loc":{"start":{"line":119,"column":6},"end":{"line":122,"column":7}},"type":"if","locations":[{"start":{"line":119,"column":6},"end":{"line":122,"column":7}},{"start":{},"end":{}}],"line":119},"6":{"loc":{"start":{"line":119,"column":10},"end":{"line":119,"column":57}},"type":"binary-expr","locations":[{"start":{"line":119,"column":10},"end":{"line":119,"column":22}},{"start":{"line":119,"column":26},"end":{"line":119,"column":57}}],"line":119},"7":{"loc":{"start":{"line":147,"column":4},"end":{"line":171,"column":5}},"type":"if","locations":[{"start":{"line":147,"column":4},"end":{"line":171,"column":5}},{"start":{"line":165,"column":11},"end":{"line":171,"column":5}}],"line":147},"8":{"loc":{"start":{"line":149,"column":6},"end":{"line":158,"column":7}},"type":"if","locations":[{"start":{"line":149,"column":6},"end":{"line":158,"column":7}},{"start":{},"end":{}}],"line":149},"9":{"loc":{"start":{"line":150,"column":8},"end":{"line":157,"column":9}},"type":"if","locations":[{"start":{"line":150,"column":8},"end":{"line":157,"column":9}},{"start":{"line":155,"column":15},"end":{"line":157,"column":9}}],"line":150},"10":{"loc":{"start":{"line":151,"column":10},"end":{"line":152,"column":59}},"type":"binary-expr","locations":[{"start":{"line":151,"column":10},"end":{"line":151,"column":102}},{"start":{"line":152,"column":10},"end":{"line":152,"column":59}}],"line":151},"11":{"loc":{"start":{"line":159,"column":120},"end":{"line":159,"column":161}},"type":"binary-expr","locations":[{"start":{"line":159,"column":120},"end":{"line":159,"column":156}},{"start":{"line":159,"column":160},"end":{"line":159,"column":161}}],"line":159},"12":{"loc":{"start":{"line":165,"column":11},"end":{"line":171,"column":5}},"type":"if","locations":[{"start":{"line":165,"column":11},"end":{"line":171,"column":5}},{"start":{},"end":{}}],"line":165},"13":{"loc":{"start":{"line":166,"column":121},"end":{"line":166,"column":162}},"type":"binary-expr","locations":[{"start":{"line":166,"column":121},"end":{"line":166,"column":157}},{"start":{"line":166,"column":161},"end":{"line":166,"column":162}}],"line":166},"14":{"loc":{"start":{"line":176,"column":6},"end":{"line":176,"column":37}},"type":"if","locations":[{"start":{"line":176,"column":6},"end":{"line":176,"column":37}},{"start":{},"end":{}}],"line":176},"15":{"loc":{"start":{"line":181,"column":14},"end":{"line":181,"column":79}},"type":"cond-expr","locations":[{"start":{"line":181,"column":56},"end":{"line":181,"column":66}},{"start":{"line":181,"column":69},"end":{"line":181,"column":79}}],"line":181},"16":{"loc":{"start":{"line":195,"column":35},"end":{"line":195,"column":118}},"type":"binary-expr","locations":[{"start":{"line":195,"column":35},"end":{"line":195,"column":48}},{"start":{"line":195,"column":52},"end":{"line":195,"column":65}},{"start":{"line":195,"column":69},"end":{"line":195,"column":118}}],"line":195},"17":{"loc":{"start":{"line":196,"column":54},"end":{"line":196,"column":131}},"type":"binary-expr","locations":[{"start":{"line":196,"column":54},"end":{"line":196,"column":81}},{"start":{"line":196,"column":85},"end":{"line":196,"column":131}}],"line":196},"18":{"loc":{"start":{"line":198,"column":4},"end":{"line":200,"column":5}},"type":"if","locations":[{"start":{"line":198,"column":4},"end":{"line":200,"column":5}},{"start":{},"end":{}}],"line":198},"19":{"loc":{"start":{"line":198,"column":8},"end":{"line":198,"column":53}},"type":"binary-expr","locations":[{"start":{"line":198,"column":8},"end":{"line":198,"column":30}},{"start":{"line":198,"column":34},"end":{"line":198,"column":53}}],"line":198},"20":{"loc":{"start":{"line":234,"column":6},"end":{"line":257,"column":7}},"type":"if","locations":[{"start":{"line":234,"column":6},"end":{"line":257,"column":7}},{"start":{"line":249,"column":13},"end":{"line":257,"column":7}}],"line":234},"21":{"loc":{"start":{"line":239,"column":8},"end":{"line":248,"column":9}},"type":"if","locations":[{"start":{"line":239,"column":8},"end":{"line":248,"column":9}},{"start":{"line":246,"column":15},"end":{"line":248,"column":9}}],"line":239},"22":{"loc":{"start":{"line":240,"column":10},"end":{"line":243,"column":72}},"type":"binary-expr","locations":[{"start":{"line":240,"column":11},"end":{"line":240,"column":43}},{"start":{"line":240,"column":47},"end":{"line":240,"column":97}},{"start":{"line":241,"column":11},"end":{"line":241,"column":40}},{"start":{"line":242,"column":12},"end":{"line":242,"column":39}},{"start":{"line":243,"column":12},"end":{"line":243,"column":71}}],"line":240},"23":{"loc":{"start":{"line":250,"column":8},"end":{"line":256,"column":9}},"type":"if","locations":[{"start":{"line":250,"column":8},"end":{"line":256,"column":9}},{"start":{},"end":{}}],"line":250},"24":{"loc":{"start":{"line":253,"column":24},"end":{"line":253,"column":41}},"type":"binary-expr","locations":[{"start":{"line":253,"column":24},"end":{"line":253,"column":36}},{"start":{"line":253,"column":40},"end":{"line":253,"column":41}}],"line":253}},"s":{"0":3,"1":3,"2":3,"3":3,"4":3,"5":3,"6":3,"7":3,"8":3,"9":3,"10":3,"11":3,"12":3,"13":16,"14":0,"15":16,"16":0,"17":16,"18":16,"19":16,"20":16,"21":64,"22":16,"23":4,"24":4,"25":4,"26":4,"27":16,"28":16,"29":4,"30":8,"31":8,"32":8,"33":8,"34":16,"35":16,"36":16,"37":8,"38":8,"39":8,"40":16,"41":40,"42":16,"43":16,"44":16,"45":16,"46":8,"47":8,"48":8,"49":4,"50":4,"51":8,"52":32,"53":8,"54":8,"55":0,"56":0,"57":0,"58":8,"59":8,"60":32,"61":32,"62":0,"63":32,"64":8,"65":16,"66":16,"67":40,"68":16,"69":16,"70":16,"71":16,"72":20,"73":16,"74":16,"75":0,"76":4,"77":4,"78":4,"79":4,"80":4,"81":4,"82":4,"83":4,"84":4,"85":16,"86":16,"87":16,"88":12,"89":4,"90":0,"91":0,"92":0,"93":0,"94":0,"95":4},"f":{"0":3,"1":16,"2":16,"3":4,"4":8,"5":16,"6":40,"7":16,"8":32,"9":0,"10":32,"11":16,"12":40,"13":16,"14":20,"15":4,"16":4,"17":0},"b":{"0":[3],"1":[0,16],"2":[0,16],"3":[0,0],"4":[4,12],"5":[8,8],"6":[16,8],"7":[8,8],"8":[8,0],"9":[4,4],"10":[8,4],"11":[32,0],"12":[0,8],"13":[0,0],"14":[0,32],"15":[0,8],"16":[16,8,0],"17":[20,16],"18":[16,0],"19":[16,16],"20":[16,0],"21":[12,4],"22":[16,8,8,8,8],"23":[0,0],"24":[0,0]},"_coverageSchema":"1a1c01bbd47fc00a2c39e90264f33305004495a9","hash":"2b242d4c4d10a494f1034303f69a5442b7a4a1ae"}
,"/Users/ashankar/tubi/jest-cov-reporter/src/core/threshold/ThresholdValidator.ts": {"path":"/Users/ashankar/tubi/jest-cov-reporter/src/core/threshold/ThresholdValidator.ts","statementMap":{"0":{"start":{"line":37,"column":4},"end":{"line":37,"column":41}},"1":{"start":{"line":38,"column":4},"end":{"line":38,"column":69}},"2":{"start":{"line":39,"column":4},"end":{"line":39,"column":23}},"3":{"start":{"line":40,"column":4},"end":{"line":40,"column":37}},"4":{"start":{"line":41,"column":4},"end":{"line":41,"column":33}},"5":{"start":{"line":42,"column":4},"end":{"line":42,"column":61}},"6":{"start":{"line":43,"column":4},"end":{"line":43,"column":45}},"7":{"start":{"line":44,"column":4},"end":{"line":44,"column":61}},"8":{"start":{"line":53,"column":4},"end":{"line":53,"column":51}},"9":{"start":{"line":54,"column":4},"end":{"line":56,"column":5}},"10":{"start":{"line":55,"column":6},"end":{"line":55,"column":63}},"11":{"start":{"line":57,"column":4},"end":{"line":57,"column":16}},"12":{"start":{"line":66,"column":4},"end":{"line":66,"column":51}},"13":{"start":{"line":67,"column":4},"end":{"line":69,"column":5}},"14":{"start":{"line":68,"column":6},"end":{"line":68,"column":61}},"15":{"start":{"line":70,"column":4},"end":{"line":70,"column":16}},"16":{"start":{"line":78,"column":17},"end":{"line":78,"column":53}},"17":{"start":{"line":79,"column":4},"end":{"line":102,"column":5}},"18":{"start":{"line":80,"column":31},"end":{"line":80,"column":64}},"19":{"start":{"line":81,"column":25},"end":{"line":81,"column":74}},"20":{"start":{"line":83,"column":34},"end":{"line":85,"column":7}},"21":{"start":{"line":84,"column":24},"end":{"line":84,"column":49}},"22":{"start":{"line":86,"column":6},"end":{"line":89,"column":7}},"23":{"start":{"line":88,"column":8},"end":{"line":88,"column":17}},"24":{"start":{"line":90,"column":6},"end":{"line":101,"column":7}},"25":{"start":{"line":91,"column":34},"end":{"line":91,"column":61}},"26":{"start":{"line":92,"column":8},"end":{"line":100,"column":9}},"27":{"start":{"line":93,"column":10},"end":{"line":99,"column":11}},"28":{"start":{"line":96,"column":12},"end":{"line":98,"column":13}},"29":{"start":{"line":97,"column":14},"end":{"line":97,"column":26}},"30":{"start":{"line":104,"column":4},"end":{"line":104,"column":17}},"31":{"start":{"line":113,"column":4},"end":{"line":113,"column":101}},"32":{"start":{"line":113,"column":48},"end":{"line":113,"column":99}},"33":{"start":{"line":121,"column":4},"end":{"line":121,"column":53}},"34":{"start":{"line":121,"column":40},"end":{"line":121,"column":53}},"35":{"start":{"line":122,"column":17},"end":{"line":122,"column":53}},"36":{"start":{"line":123,"column":4},"end":{"line":129,"column":7}},"37":{"start":{"line":124,"column":31},"end":{"line":124,"column":59}},"38":{"start":{"line":125,"column":28},"end":{"line":125,"column":59}},"39":{"start":{"line":127,"column":30},"end":{"line":127,"column":94}},"40":{"start":{"line":127,"column":68},"end":{"line":127,"column":93}},"41":{"start":{"line":128,"column":6},"end":{"line":128,"column":117}}},"fnMap":{"0":{"name":"(anonymous_0)","decl":{"start":{"line":20,"column":2},"end":{"line":20,"column":3}},"loc":{"start":{"line":36,"column":5},"end":{"line":45,"column":3}},"line":36},"1":{"name":"(anonymous_1)","decl":{"start":{"line":52,"column":2},"end":{"line":52,"column":3}},"loc":{"start":{"line":52,"column":54},"end":{"line":58,"column":3}},"line":52},"2":{"name":"(anonymous_2)","decl":{"start":{"line":65,"column":2},"end":{"line":65,"column":3}},"loc":{"start":{"line":65,"column":52},"end":{"line":71,"column":3}},"line":65},"3":{"name":"(anonymous_3)","decl":{"start":{"line":77,"column":2},"end":{"line":77,"column":3}},"loc":{"start":{"line":77,"column":55},"end":{"line":105,"column":3}},"line":77},"4":{"name":"(anonymous_4)","decl":{"start":{"line":84,"column":8},"end":{"line":84,"column":9}},"loc":{"start":{"line":84,"column":24},"end":{"line":84,"column":49}},"line":84},"5":{"name":"(anonymous_5)","decl":{"start":{"line":112,"column":2},"end":{"line":112,"column":3}},"loc":{"start":{"line":112,"column":85},"end":{"line":114,"column":3}},"line":112},"6":{"name":"(anonymous_6)","decl":{"start":{"line":113,"column":30},"end":{"line":113,"column":31}},"loc":{"start":{"line":113,"column":48},"end":{"line":113,"column":99}},"line":113},"7":{"name":"(anonymous_7)","decl":{"start":{"line":120,"column":2},"end":{"line":120,"column":3}},"loc":{"start":{"line":120,"column":50},"end":{"line":130,"column":3}},"line":120},"8":{"name":"(anonymous_8)","decl":{"start":{"line":123,"column":21},"end":{"line":123,"column":22}},"loc":{"start":{"line":123,"column":30},"end":{"line":129,"column":5}},"line":123},"9":{"name":"(anonymous_9)","decl":{"start":{"line":127,"column":50},"end":{"line":127,"column":51}},"loc":{"start":{"line":127,"column":68},"end":{"line":127,"column":93}},"line":127}},"branchMap":{"0":{"loc":{"start":{"line":27,"column":4},"end":{"line":27,"column":34}},"type":"default-arg","locations":[{"start":{"line":27,"column":31},"end":{"line":27,"column":34}}],"line":27},"1":{"loc":{"start":{"line":54,"column":4},"end":{"line":56,"column":5}},"type":"if","locations":[{"start":{"line":54,"column":4},"end":{"line":56,"column":5}},{"start":{},"end":{}}],"line":54},"2":{"loc":{"start":{"line":67,"column":4},"end":{"line":69,"column":5}},"type":"if","locations":[{"start":{"line":67,"column":4},"end":{"line":69,"column":5}},{"start":{},"end":{}}],"line":67},"3":{"loc":{"start":{"line":86,"column":6},"end":{"line":89,"column":7}},"type":"if","locations":[{"start":{"line":86,"column":6},"end":{"line":89,"column":7}},{"start":{},"end":{}}],"line":86},"4":{"loc":{"start":{"line":92,"column":8},"end":{"line":100,"column":9}},"type":"if","locations":[{"start":{"line":92,"column":8},"end":{"line":100,"column":9}},{"start":{},"end":{}}],"line":92},"5":{"loc":{"start":{"line":92,"column":12},"end":{"line":92,"column":86}},"type":"binary-expr","locations":[{"start":{"line":92,"column":12},"end":{"line":92,"column":29}},{"start":{"line":92,"column":33},"end":{"line":92,"column":86}}],"line":92},"6":{"loc":{"start":{"line":93,"column":10},"end":{"line":99,"column":11}},"type":"if","locations":[{"start":{"line":93,"column":10},"end":{"line":99,"column":11}},{"start":{},"end":{}}],"line":93},"7":{"loc":{"start":{"line":93,"column":14},"end":{"line":94,"column":74}},"type":"binary-expr","locations":[{"start":{"line":93,"column":14},"end":{"line":93,"column":84}},{"start":{"line":94,"column":15},"end":{"line":94,"column":74}}],"line":93},"8":{"loc":{"start":{"line":96,"column":12},"end":{"line":98,"column":13}},"type":"if","locations":[{"start":{"line":96,"column":12},"end":{"line":98,"column":13}},{"start":{},"end":{}}],"line":96},"9":{"loc":{"start":{"line":121,"column":4},"end":{"line":121,"column":53}},"type":"if","locations":[{"start":{"line":121,"column":4},"end":{"line":121,"column":53}},{"start":{},"end":{}}],"line":121},"10":{"loc":{"start":{"line":128,"column":13},"end":{"line":128,"column":116}},"type":"binary-expr","locations":[{"start":{"line":128,"column":13},"end":{"line":128,"column":28}},{"start":{"line":128,"column":32},"end":{"line":128,"column":83}},{"start":{"line":128,"column":87},"end":{"line":128,"column":116}}],"line":128}},"s":{"0":4,"1":4,"2":4,"3":4,"4":4,"5":4,"6":4,"7":4,"8":4,"9":4,"10":4,"11":0,"12":2,"13":2,"14":2,"15":0,"16":1,"17":1,"18":4,"19":4,"20":4,"21":4,"22":4,"23":0,"24":4,"25":16,"26":16,"27":14,"28":2,"29":0,"30":1,"31":0,"32":0,"33":1,"34":1,"35":0,"36":0,"37":0,"38":0,"39":0,"40":0,"41":0},"f":{"0":4,"1":4,"2":2,"3":1,"4":4,"5":0,"6":0,"7":1,"8":0,"9":0},"b":{"0":[4],"1":[4,0],"2":[2,0],"3":[0,4],"4":[14,2],"5":[16,16],"6":[2,12],"7":[14,2],"8":[0,2],"9":[1,0],"10":[0,0,0]},"_coverageSchema":"1a1c01bbd47fc00a2c39e90264f33305004495a9","hash":"f6d6e9924e347bc7927049ce9227e167ad0cf3c2"}
,"/Users/ashankar/tubi/jest-cov-reporter/src/parsers/index.ts": {"path":"/Users/ashankar/tubi/jest-cov-reporter/src/parsers/index.ts","statementMap":{"0":{"start":{"line":17,"column":4},"end":{"line":24,"column":5}},"1":{"start":{"line":19,"column":8},"end":{"line":19,"column":32}},"2":{"start":{"line":21,"column":8},"end":{"line":21,"column":37}},"3":{"start":{"line":23,"column":8},"end":{"line":23,"column":62}},"4":{"start":{"line":35,"column":18},"end":{"line":35,"column":54}},"5":{"start":{"line":36,"column":18},"end":{"line":36,"column":45}},"6":{"start":{"line":37,"column":17},"end":{"line":37,"column":43}},"7":{"start":{"line":39,"column":2},"end":{"line":39,"column":31}}},"fnMap":{"0":{"name":"(anonymous_0)","decl":{"start":{"line":16,"column":2},"end":{"line":16,"column":3}},"loc":{"start":{"line":16,"column":51},"end":{"line":25,"column":3}},"line":16},"1":{"name":"parseContent","decl":{"start":{"line":34,"column":24},"end":{"line":34,"column":36}},"loc":{"start":{"line":34,"column":85},"end":{"line":40,"column":1}},"line":34}},"branchMap":{"0":{"loc":{"start":{"line":17,"column":4},"end":{"line":24,"column":5}},"type":"switch","locations":[{"start":{"line":18,"column":6},"end":{"line":19,"column":32}},{"start":{"line":20,"column":6},"end":{"line":21,"column":37}},{"start":{"line":22,"column":6},"end":{"line":23,"column":62}}],"line":17}},"s":{"0":0,"1":0,"2":0,"3":0,"4":0,"5":0,"6":0,"7":0},"f":{"0":0,"1":0},"b":{"0":[0,0,0]},"_coverageSchema":"1a1c01bbd47fc00a2c39e90264f33305004495a9","hash":"00e109d6da4830963e04e3a5a8b69931bc7ea438"}
,"/Users/ashankar/tubi/jest-cov-reporter/src/utils/constants.ts": {"path":"/Users/ashankar/tubi/jest-cov-reporter/src/utils/constants.ts","statementMap":{"0":{"start":{"line":3,"column":21},"end":{"line":9,"column":1}},"1":{"start":{"line":11,"column":75},"end":{"line":24,"column":1}},"2":{"start":{"line":26,"column":34},"end":{"line":26,"column":68}},"3":{"start":{"line":27,"column":33},"end":{"line":27,"column":36}}},"fnMap":{},"branchMap":{},"s":{"0":4,"1":4,"2":4,"3":4},"f":{},"b":{},"_coverageSchema":"1a1c01bbd47fc00a2c39e90264f33305004495a9","hash":"5a4fba9152797a8868312ff623aff1b1110c906f"}
,"/Users/ashankar/tubi/jest-cov-reporter/src/utils/github.ts": {"path":"/Users/ashankar/tubi/jest-cov-reporter/src/utils/github.ts","statementMap":{"0":{"start":{"line":23,"column":2},"end":{"line":37,"column":3}},"1":{"start":{"line":24,"column":4},"end":{"line":29,"column":7}},"2":{"start":{"line":31,"column":4},"end":{"line":36,"column":7}},"3":{"start":{"line":56,"column":19},"end":{"line":60,"column":4}},"4":{"start":{"line":62,"column":2},"end":{"line":66,"column":3}},"5":{"start":{"line":63,"column":4},"end":{"line":65,"column":5}},"6":{"start":{"line":64,"column":6},"end":{"line":64,"column":24}},"7":{"start":{"line":67,"column":2},"end":{"line":67,"column":11}},"8":{"start":{"line":75,"column":34},"end":{"line":82,"column":1}},"9":{"start":{"line":76,"column":2},"end":{"line":80,"column":3}},"10":{"start":{"line":77,"column":25},"end":{"line":77,"column":59}},"11":{"start":{"line":78,"column":24},"end":{"line":78,"column":51}},"12":{"start":{"line":79,"column":4},"end":{"line":79,"column":71}},"13":{"start":{"line":81,"column":2},"end":{"line":81,"column":23}}},"fnMap":{"0":{"name":"createOrUpdateComment","decl":{"start":{"line":15,"column":22},"end":{"line":15,"column":43}},"loc":{"start":{"line":22,"column":17},"end":{"line":38,"column":1}},"line":22},"1":{"name":"findComment","decl":{"start":{"line":49,"column":22},"end":{"line":49,"column":33}},"loc":{"start":{"line":55,"column":19},"end":{"line":68,"column":1}},"line":55},"2":{"name":"(anonymous_2)","decl":{"start":{"line":75,"column":34},"end":{"line":75,"column":35}},"loc":{"start":{"line":75,"column":73},"end":{"line":82,"column":1}},"line":75}},"branchMap":{"0":{"loc":{"start":{"line":23,"column":2},"end":{"line":37,"column":3}},"type":"if","locations":[{"start":{"line":23,"column":2},"end":{"line":37,"column":3}},{"start":{"line":30,"column":9},"end":{"line":37,"column":3}}],"line":23},"1":{"loc":{"start":{"line":63,"column":4},"end":{"line":65,"column":5}},"type":"if","locations":[{"start":{"line":63,"column":4},"end":{"line":65,"column":5}},{"start":{},"end":{}}],"line":63},"2":{"loc":{"start":{"line":63,"column":8},"end":{"line":63,"column":59}},"type":"binary-expr","locations":[{"start":{"line":63,"column":8},"end":{"line":63,"column":20}},{"start":{"line":63,"column":24},"end":{"line":63,"column":59}}],"line":63},"3":{"loc":{"start":{"line":76,"column":2},"end":{"line":80,"column":3}},"type":"if","locations":[{"start":{"line":76,"column":2},"end":{"line":80,"column":3}},{"start":{},"end":{}}],"line":76}},"s":{"0":2,"1":1,"2":1,"3":3,"4":3,"5":6,"6":2,"7":1,"8":2,"9":11,"10":2,"11":2,"12":2,"13":9},"f":{"0":2,"1":3,"2":11},"b":{"0":[1,1],"1":[2,4],"2":[6,5],"3":[2,9]},"_coverageSchema":"1a1c01bbd47fc00a2c39e90264f33305004495a9","hash":"c799e99069582b2b2a5ff2aef06aebdd36524e11"}
}
