TN:
SF:src/core/diff/CoverageDiffCalculator.ts
FN:29,(anonymous_0)
FN:52,(anonymous_1)
FN:85,(anonymous_2)
FN:94,(anonymous_3)
FN:105,(anonymous_4)
FN:118,(anonymous_5)
FNF:6
FNH:6
FNDA:9,(anonymous_0)
FNDA:9,(anonymous_1)
FNDA:272,(anonymous_2)
FNDA:65,(anonymous_3)
FNDA:18,(anonymous_4)
FNDA:9,(anonymous_5)
DA:14,9
DA:15,9
DA:40,9
DA:41,9
DA:42,9
DA:43,9
DA:44,9
DA:46,9
DA:53,9
DA:54,9
DA:55,9
DA:61,9
DA:62,34
DA:63,34
DA:64,34
DA:65,34
DA:66,34
DA:67,136
DA:74,34
DA:75,0
DA:86,272
DA:95,65
DA:97,65
DA:106,18
DA:107,18
DA:108,18
DA:110,10
DA:119,9
LF:28
LH:27
BRDA:62,0,0,34
BRDA:62,0,1,0
BRDA:63,1,0,34
BRDA:63,1,1,16
BRDA:74,2,0,0
BRDA:74,2,1,34
BRDA:75,3,0,0
BRDA:75,3,1,0
BRDA:86,4,0,208
BRDA:86,4,1,64
BRDA:108,5,0,8
BRDA:108,5,1,10
BRDA:108,6,0,18
BRDA:108,6,1,10
BRDA:110,7,0,10
BRDA:110,7,1,0
BRF:16
BRH:11
end_of_record
TN:
SF:src/core/format/ReportFormatter.ts
FN:27,(anonymous_0)
FN:69,(anonymous_1)
FN:84,(anonymous_2)
FN:97,(anonymous_3)
FN:113,(anonymous_4)
FN:133,(anonymous_5)
FN:139,(anonymous_6)
FN:143,(anonymous_7)
FN:159,(anonymous_8)
FN:166,(anonymous_9)
FN:174,(anonymous_10)
FN:191,(anonymous_11)
FN:193,(anonymous_12)
FN:194,(anonymous_13)
FN:196,(anonymous_14)
FN:210,(anonymous_15)
FN:229,(anonymous_16)
FN:251,(anonymous_17)
FNF:18
FNH:16
FNDA:3,(anonymous_0)
FNDA:16,(anonymous_1)
FNDA:16,(anonymous_2)
FNDA:4,(anonymous_3)
FNDA:8,(anonymous_4)
FNDA:16,(anonymous_5)
FNDA:40,(anonymous_6)
FNDA:16,(anonymous_7)
FNDA:32,(anonymous_8)
FNDA:0,(anonymous_9)
FNDA:32,(anonymous_10)
FNDA:16,(anonymous_11)
FNDA:40,(anonymous_12)
FNDA:16,(anonymous_13)
FNDA:20,(anonymous_14)
FNDA:4,(anonymous_15)
FNDA:4,(anonymous_16)
FNDA:0,(anonymous_17)
DA:21,3
DA:50,3
DA:51,3
DA:52,3
DA:53,3
DA:54,3
DA:55,3
DA:56,3
DA:57,3
DA:58,3
DA:59,3
DA:60,3
DA:61,3
DA:70,16
DA:72,16
DA:73,0
DA:75,16
DA:85,16
DA:86,16
DA:87,16
DA:88,64
DA:90,16
DA:98,4
DA:99,4
DA:100,4
DA:101,4
DA:102,16
DA:103,16
DA:105,4
DA:114,8
DA:115,8
DA:116,8
DA:117,16
DA:118,16
DA:119,16
DA:120,8
DA:121,8
DA:124,8
DA:138,16
DA:139,40
DA:142,16
DA:143,16
DA:146,16
DA:147,16
DA:148,8
DA:149,8
DA:150,8
DA:154,4
DA:156,4
DA:159,32
DA:161,8
DA:165,8
DA:166,0
DA:167,0
DA:173,8
DA:174,8
DA:175,32
DA:176,32
DA:177,32
DA:180,8
DA:192,16
DA:193,40
DA:194,16
DA:195,16
DA:196,20
DA:198,16
DA:199,16
DA:202,0
DA:211,4
DA:212,4
DA:213,4
DA:214,4
DA:215,4
DA:230,4
DA:231,4
DA:232,4
DA:233,4
DA:234,16
DA:235,16
DA:239,16
DA:245,12
DA:247,4
DA:250,0
DA:251,0
DA:252,0
DA:253,0
DA:255,0
DA:259,4
LF:88
LH:79
BRDA:37,0,0,3
BRDA:70,1,0,0
BRDA:70,1,1,16
BRDA:72,2,0,0
BRDA:72,2,1,16
BRDA:73,3,0,0
BRDA:73,3,1,0
BRDA:75,4,0,4
BRDA:75,4,1,12
BRDA:119,5,0,8
BRDA:119,5,1,8
BRDA:119,6,0,16
BRDA:119,6,1,8
BRDA:147,7,0,8
BRDA:147,7,1,8
BRDA:149,8,0,8
BRDA:149,8,1,0
BRDA:150,9,0,4
BRDA:150,9,1,4
BRDA:151,10,0,8
BRDA:151,10,1,4
BRDA:159,11,0,32
BRDA:159,11,1,0
BRDA:165,12,0,0
BRDA:165,12,1,8
BRDA:166,13,0,0
BRDA:166,13,1,0
BRDA:176,14,0,0
BRDA:176,14,1,32
BRDA:181,15,0,0
BRDA:181,15,1,8
BRDA:195,16,0,16
BRDA:195,16,1,8
BRDA:195,16,2,0
BRDA:196,17,0,20
BRDA:196,17,1,16
BRDA:198,18,0,16
BRDA:198,18,1,0
BRDA:198,19,0,16
BRDA:198,19,1,16
BRDA:234,20,0,16
BRDA:234,20,1,0
BRDA:239,21,0,12
BRDA:239,21,1,4
BRDA:240,22,0,16
BRDA:240,22,1,8
BRDA:240,22,2,8
BRDA:240,22,3,8
BRDA:240,22,4,8
BRDA:250,23,0,0
BRDA:250,23,1,0
BRDA:253,24,0,0
BRDA:253,24,1,0
BRF:53
BRH:35
end_of_record
TN:
SF:src/core/threshold/ThresholdValidator.ts
FN:20,(anonymous_0)
FN:52,(anonymous_1)
FN:65,(anonymous_2)
FN:77,(anonymous_3)
FN:84,(anonymous_4)
FN:112,(anonymous_5)
FN:113,(anonymous_6)
FN:120,(anonymous_7)
FN:123,(anonymous_8)
FN:127,(anonymous_9)
FNF:10
FNH:6
FNDA:4,(anonymous_0)
FNDA:4,(anonymous_1)
FNDA:2,(anonymous_2)
FNDA:1,(anonymous_3)
FNDA:4,(anonymous_4)
FNDA:0,(anonymous_5)
FNDA:0,(anonymous_6)
FNDA:1,(anonymous_7)
FNDA:0,(anonymous_8)
FNDA:0,(anonymous_9)
DA:37,4
DA:38,4
DA:39,4
DA:40,4
DA:41,4
DA:42,4
DA:43,4
DA:44,4
DA:53,4
DA:54,4
DA:55,4
DA:57,0
DA:66,2
DA:67,2
DA:68,2
DA:70,0
DA:78,1
DA:79,1
DA:80,4
DA:81,4
DA:83,4
DA:84,4
DA:86,4
DA:88,0
DA:90,4
DA:91,16
DA:92,16
DA:93,14
DA:96,2
DA:97,0
DA:104,1
DA:113,0
DA:121,1
DA:122,0
DA:123,0
DA:124,0
DA:125,0
DA:127,0
DA:128,0
LF:39
LH:28
BRDA:27,0,0,4
BRDA:54,1,0,4
BRDA:54,1,1,0
BRDA:67,2,0,2
BRDA:67,2,1,0
BRDA:86,3,0,0
BRDA:86,3,1,4
BRDA:92,4,0,14
BRDA:92,4,1,2
BRDA:92,5,0,16
BRDA:92,5,1,16
BRDA:93,6,0,2
BRDA:93,6,1,12
BRDA:93,7,0,14
BRDA:93,7,1,2
BRDA:96,8,0,0
BRDA:96,8,1,2
BRDA:121,9,0,1
BRDA:121,9,1,0
BRDA:128,10,0,0
BRDA:128,10,1,0
BRDA:128,10,2,0
BRF:22
BRH:14
end_of_record
TN:
SF:src/parsers/index.ts
FN:16,(anonymous_0)
FN:34,parseContent
FNF:2
FNH:0
FNDA:0,(anonymous_0)
FNDA:0,parseContent
DA:17,0
DA:19,0
DA:21,0
DA:23,0
DA:35,0
DA:36,0
DA:37,0
DA:39,0
LF:8
LH:0
BRDA:17,0,0,0
BRDA:17,0,1,0
BRDA:17,0,2,0
BRF:3
BRH:0
end_of_record
TN:
SF:src/utils/constants.ts
FNF:0
FNH:0
DA:3,4
DA:11,4
DA:26,4
DA:27,4
LF:4
LH:4
BRF:0
BRH:0
end_of_record
TN:
SF:src/utils/github.ts
FN:15,createOrUpdateComment
FN:49,findComment
FN:75,(anonymous_2)
FNF:3
FNH:3
FNDA:2,createOrUpdateComment
FNDA:3,findComment
FNDA:11,(anonymous_2)
DA:23,2
DA:24,1
DA:31,1
DA:56,3
DA:62,3
DA:63,6
DA:64,2
DA:67,1
DA:75,2
DA:76,11
DA:77,2
DA:78,2
DA:79,2
DA:81,9
LF:14
LH:14
BRDA:23,0,0,1
BRDA:23,0,1,1
BRDA:63,1,0,2
BRDA:63,1,1,4
BRDA:63,2,0,6
BRDA:63,2,1,5
BRDA:76,3,0,2
BRDA:76,3,1,9
BRF:8
BRH:8
end_of_record
