<?xml version="1.0"?>
<!DOCTYPE coverage SYSTEM "http://cobertura.sourceforge.net/xml/coverage-04.dtd">
<coverage line-rate="0.80" lines-valid="110" lines-covered="88" branches-valid="42" branches-covered="33" branch-rate="0.7857" complexity="0" version="1.0" timestamp="1706624296963">
  <sources>
    <source>jest-cov-reporter</source>
  </sources>
  <packages>
    <package name="src" line-rate="0.80" branch-rate="0.7857" complexity="0">
      <classes>
        <class name="src.file1" filename="src/file1.js" line-rate="0.80" branch-rate="0.80" complexity="0">
          <methods>
            <method name="function1" signature="()V" line-rate="0.80" branch-rate="0.80">
              <lines>
                <line number="10" hits="1"/>
                <line number="11" hits="1"/>
                <line number="12" hits="0"/>
              </lines>
            </method>
          </methods>
          <lines>
            <line number="1" hits="1"/>
            <line number="2" hits="1"/>
            <line number="3" hits="1"/>
            <line number="4" hits="0"/>
            <line number="5" hits="1"/>
            <line number="10" hits="1"/>
            <line number="11" hits="1"/>
            <line number="12" hits="0"/>
            <line number="13" hits="1"/>
            <line number="14" hits="1"/>
          </lines>
        </class>
        <class name="src.file2" filename="src/file2.js" line-rate="0.80" branch-rate="0.75" complexity="0">
          <methods>
            <method name="function2" signature="()V" line-rate="0.80" branch-rate="0.75">
              <lines>
                <line number="20" hits="1"/>
                <line number="21" hits="1"/>
                <line number="22" hits="0"/>
              </lines>
            </method>
          </methods>
          <lines>
            <line number="1" hits="1"/>
            <line number="2" hits="1"/>
            <line number="3" hits="1"/>
            <line number="4" hits="0"/>
            <line number="5" hits="1"/>
            <line number="20" hits="1"/>
            <line number="21" hits="1" condition-coverage="50% (1/2)"/>
            <line number="22" hits="0"/>
            <line number="23" hits="1"/>
            <line number="24" hits="1"/>
          </lines>
        </class>
        <class name="src.file3" filename="src/file3.js" line-rate="0.80" branch-rate="1.00" complexity="0">
          <methods>
            <method name="function3" signature="()V" line-rate="0.80" branch-rate="1.00">
              <lines>
                <line number="5" hits="1"/>
                <line number="6" hits="1"/>
              </lines>
            </method>
          </methods>
          <lines>
            <line number="1" hits="1"/>
            <line number="2" hits="1"/>
            <line number="3" hits="1"/>
            <line number="4" hits="0"/>
            <line number="5" hits="1"/>
            <line number="6" hits="1"/>
            <line number="7" hits="0"/>
            <line number="8" hits="1"/>
            <line number="9" hits="1"/>
            <line number="10" hits="1"/>
          </lines>
        </class>
      </classes>
    </package>
  </packages>
</coverage>
